<?xml version="1.0" encoding="UTF-8"?>
<robot generator="Robot 3.2.2 (Python 3.8.0 on win32)" generated="20201027 17:25:10.271" rpa="false">
<suite id="s1" name="Admin" source="C:\PycharmProjects\OtusPythonQAJune2020\lesson29\dz\1\Tests\admin.robot">
<test id="s1-t1" name="Valid Login">
<kw name="Open Browser To Login Page" library="Common">
<kw name="Open Browser" library="SeleniumLibrary">
<doc>Opens a new browser instance to the optional ``url``.</doc>
<arguments>
<arg>${LOGIN URL}</arg>
<arg>${BROWSER}</arg>
</arguments>
<msg timestamp="20201027 17:25:10.538" level="INFO">Opening browser 'Chrome' to base url 'http://demo.opencart.com/admin//'.</msg>
<status status="PASS" starttime="20201027 17:25:10.537" endtime="20201027 17:25:14.228"></status>
</kw>
<kw name="Maximize Browser Window" library="SeleniumLibrary">
<doc>Maximizes current browser window.</doc>
<status status="PASS" starttime="20201027 17:25:14.228" endtime="20201027 17:25:14.344"></status>
</kw>
<kw name="Set Selenium Speed" library="SeleniumLibrary">
<doc>Sets the delay that is waited after each Selenium command.</doc>
<arguments>
<arg>${DELAY}</arg>
</arguments>
<status status="PASS" starttime="20201027 17:25:14.344" endtime="20201027 17:25:14.344"></status>
</kw>
<status status="PASS" starttime="20201027 17:25:10.537" endtime="20201027 17:25:14.344"></status>
</kw>
<kw name="Submit Credentials" library="Common">
<kw name="Click Button" library="SeleniumLibrary">
<doc>Clicks the button identified by ``locator``.</doc>
<arguments>
<arg>Login</arg>
</arguments>
<msg timestamp="20201027 17:25:14.345" level="INFO">Clicking button 'Login'.</msg>
<status status="PASS" starttime="20201027 17:25:14.345" endtime="20201027 17:25:28.831"></status>
</kw>
<status status="PASS" starttime="20201027 17:25:14.345" endtime="20201027 17:25:28.831"></status>
</kw>
<kw name="Welcome Page Should Be Open" library="Common">
<kw name="Title Should Be" library="SeleniumLibrary">
<doc>Verifies that the current page title equals ``title``.</doc>
<arguments>
<arg>Dashboard</arg>
</arguments>
<msg timestamp="20201027 17:25:31.839" level="INFO">Page title is 'Dashboard'.</msg>
<status status="PASS" starttime="20201027 17:25:28.832" endtime="20201027 17:25:31.839"></status>
</kw>
<status status="PASS" starttime="20201027 17:25:28.832" endtime="20201027 17:25:31.839"></status>
</kw>
<kw name="Close Browser" library="SeleniumLibrary" type="teardown">
<doc>Closes the current browser.</doc>
<status status="PASS" starttime="20201027 17:25:31.840" endtime="20201027 17:25:36.904"></status>
</kw>
<status status="PASS" starttime="20201027 17:25:10.537" endtime="20201027 17:25:36.905" critical="yes"></status>
</test>
<test id="s1-t2" name="Search Categories">
<kw name="Open Browser To Login Page" library="Common">
<kw name="Open Browser" library="SeleniumLibrary">
<doc>Opens a new browser instance to the optional ``url``.</doc>
<arguments>
<arg>${LOGIN URL}</arg>
<arg>${BROWSER}</arg>
</arguments>
<msg timestamp="20201027 17:25:36.908" level="INFO">Opening browser 'Chrome' to base url 'http://demo.opencart.com/admin//'.</msg>
<status status="PASS" starttime="20201027 17:25:36.907" endtime="20201027 17:25:43.825"></status>
</kw>
<kw name="Maximize Browser Window" library="SeleniumLibrary">
<doc>Maximizes current browser window.</doc>
<status status="PASS" starttime="20201027 17:25:43.825" endtime="20201027 17:25:46.940"></status>
</kw>
<kw name="Set Selenium Speed" library="SeleniumLibrary">
<doc>Sets the delay that is waited after each Selenium command.</doc>
<arguments>
<arg>${DELAY}</arg>
</arguments>
<status status="PASS" starttime="20201027 17:25:46.940" endtime="20201027 17:25:46.940"></status>
</kw>
<status status="PASS" starttime="20201027 17:25:36.907" endtime="20201027 17:25:46.940"></status>
</kw>
<kw name="Submit Credentials" library="Common">
<kw name="Click Button" library="SeleniumLibrary">
<doc>Clicks the button identified by ``locator``.</doc>
<arguments>
<arg>Login</arg>
</arguments>
<msg timestamp="20201027 17:25:46.942" level="INFO">Clicking button 'Login'.</msg>
<status status="PASS" starttime="20201027 17:25:46.941" endtime="20201027 17:26:00.731"></status>
</kw>
<status status="PASS" starttime="20201027 17:25:46.941" endtime="20201027 17:26:00.731"></status>
</kw>
<kw name="Go To Catalog" library="Common">
<kw name="Click Element" library="SeleniumLibrary">
<doc>Click the element identified by ``locator``.</doc>
<arguments>
<arg>css=li[id=menu-catalog]</arg>
</arguments>
<msg timestamp="20201027 17:26:00.732" level="INFO">Clicking element 'css=li[id=menu-catalog]'.</msg>
<status status="PASS" starttime="20201027 17:26:00.732" endtime="20201027 17:26:06.783"></status>
</kw>
<status status="PASS" starttime="20201027 17:26:00.732" endtime="20201027 17:26:06.783"></status>
</kw>
<kw name="Go To Categories" library="Common">
<kw name="Click Element" library="SeleniumLibrary">
<doc>Click the element identified by ``locator``.</doc>
<arguments>
<arg>xpath=//a[contains(text(),'Categories')]</arg>
</arguments>
<msg timestamp="20201027 17:26:06.784" level="INFO">Clicking element 'xpath=//a[contains(text(),'Categories')]'.</msg>
<status status="PASS" starttime="20201027 17:26:06.784" endtime="20201027 17:26:13.664"></status>
</kw>
<status status="PASS" starttime="20201027 17:26:06.784" endtime="20201027 17:26:13.664"></status>
</kw>
<kw name="Current Page Categories" library="Common">
<kw name="Title Should Be" library="SeleniumLibrary">
<doc>Verifies that the current page title equals ``title``.</doc>
<arguments>
<arg>Categories</arg>
</arguments>
<msg timestamp="20201027 17:26:16.671" level="INFO">Page title is 'Categories'.</msg>
<status status="PASS" starttime="20201027 17:26:13.665" endtime="20201027 17:26:16.671"></status>
</kw>
<status status="PASS" starttime="20201027 17:26:13.665" endtime="20201027 17:26:16.671"></status>
</kw>
<kw name="Search Categories" library="Common">
<kw name="Wait Until Page Contains Element" library="SeleniumLibrary">
<doc>Waits until the element ``locator`` appears on the current page.</doc>
<arguments>
<arg>xpath=//td[contains(text(),'${CATEGORIES}')]</arg>
</arguments>
<status status="PASS" starttime="20201027 17:26:16.672" endtime="20201027 17:26:19.686"></status>
</kw>
<status status="PASS" starttime="20201027 17:26:16.672" endtime="20201027 17:26:19.686"></status>
</kw>
<kw name="Close Browser" library="SeleniumLibrary" type="teardown">
<doc>Closes the current browser.</doc>
<status status="PASS" starttime="20201027 17:26:19.687" endtime="20201027 17:26:24.738"></status>
</kw>
<status status="PASS" starttime="20201027 17:25:36.906" endtime="20201027 17:26:24.739" critical="yes"></status>
</test>
<test id="s1-t3" name="Login And Logout">
<kw name="Open Browser To Login Page" library="Common">
<kw name="Open Browser" library="SeleniumLibrary">
<doc>Opens a new browser instance to the optional ``url``.</doc>
<arguments>
<arg>${LOGIN URL}</arg>
<arg>${BROWSER}</arg>
</arguments>
<msg timestamp="20201027 17:26:24.742" level="INFO">Opening browser 'Chrome' to base url 'http://demo.opencart.com/admin//'.</msg>
<status status="PASS" starttime="20201027 17:26:24.741" endtime="20201027 17:26:31.286"></status>
</kw>
<kw name="Maximize Browser Window" library="SeleniumLibrary">
<doc>Maximizes current browser window.</doc>
<status status="PASS" starttime="20201027 17:26:31.286" endtime="20201027 17:26:34.401"></status>
</kw>
<kw name="Set Selenium Speed" library="SeleniumLibrary">
<doc>Sets the delay that is waited after each Selenium command.</doc>
<arguments>
<arg>${DELAY}</arg>
</arguments>
<status status="PASS" starttime="20201027 17:26:34.401" endtime="20201027 17:26:34.401"></status>
</kw>
<status status="PASS" starttime="20201027 17:26:24.741" endtime="20201027 17:26:34.401"></status>
</kw>
<kw name="Submit Credentials" library="Common">
<kw name="Click Button" library="SeleniumLibrary">
<doc>Clicks the button identified by ``locator``.</doc>
<arguments>
<arg>Login</arg>
</arguments>
<msg timestamp="20201027 17:26:34.402" level="INFO">Clicking button 'Login'.</msg>
<status status="PASS" starttime="20201027 17:26:34.402" endtime="20201027 17:26:48.172"></status>
</kw>
<status status="PASS" starttime="20201027 17:26:34.402" endtime="20201027 17:26:48.172"></status>
</kw>
<kw name="Welcome Page Should Be Open" library="Common">
<kw name="Title Should Be" library="SeleniumLibrary">
<doc>Verifies that the current page title equals ``title``.</doc>
<arguments>
<arg>Dashboard</arg>
</arguments>
<msg timestamp="20201027 17:26:51.179" level="INFO">Page title is 'Dashboard'.</msg>
<status status="PASS" starttime="20201027 17:26:48.173" endtime="20201027 17:26:51.179"></status>
</kw>
<status status="PASS" starttime="20201027 17:26:48.173" endtime="20201027 17:26:51.179"></status>
</kw>
<kw name="Submit Logout" library="Common">
<kw name="Click Element" library="SeleniumLibrary">
<doc>Click the element identified by ``locator``.</doc>
<arguments>
<arg>//span[contains(text(),'Logout')]</arg>
</arguments>
<msg timestamp="20201027 17:26:51.180" level="INFO">Clicking element '//span[contains(text(),'Logout')]'.</msg>
<status status="PASS" starttime="20201027 17:26:51.180" endtime="20201027 17:26:58.407"></status>
</kw>
<status status="PASS" starttime="20201027 17:26:51.180" endtime="20201027 17:26:58.407"></status>
</kw>
<kw name="Go To Login Page" library="Common">
<kw name="Go To" library="SeleniumLibrary">
<doc>Navigates the current browser window to the provided ``url``.</doc>
<arguments>
<arg>${LOGIN URL}</arg>
</arguments>
<msg timestamp="20201027 17:26:58.408" level="INFO">Opening url 'http://demo.opencart.com/admin//'</msg>
<status status="PASS" starttime="20201027 17:26:58.408" endtime="20201027 17:27:02.047"></status>
</kw>
<kw name="Title Should Be" library="SeleniumLibrary">
<doc>Verifies that the current page title equals ``title``.</doc>
<arguments>
<arg>Administration</arg>
</arguments>
<msg timestamp="20201027 17:27:05.052" level="INFO">Page title is 'Administration'.</msg>
<status status="PASS" starttime="20201027 17:27:02.047" endtime="20201027 17:27:05.052"></status>
</kw>
<status status="PASS" starttime="20201027 17:26:58.408" endtime="20201027 17:27:05.052"></status>
</kw>
<kw name="Close Browser" library="SeleniumLibrary" type="teardown">
<doc>Closes the current browser.</doc>
<status status="PASS" starttime="20201027 17:27:05.053" endtime="20201027 17:27:10.109"></status>
</kw>
<status status="PASS" starttime="20201027 17:26:24.740" endtime="20201027 17:27:10.109" critical="yes"></status>
</test>
<test id="s1-t4" name="Check Profile">
<kw name="Open Browser To Login Page" library="Common">
<kw name="Open Browser" library="SeleniumLibrary">
<doc>Opens a new browser instance to the optional ``url``.</doc>
<arguments>
<arg>${LOGIN URL}</arg>
<arg>${BROWSER}</arg>
</arguments>
<msg timestamp="20201027 17:27:10.112" level="INFO">Opening browser 'Chrome' to base url 'http://demo.opencart.com/admin//'.</msg>
<status status="PASS" starttime="20201027 17:27:10.112" endtime="20201027 17:27:17.366"></status>
</kw>
<kw name="Maximize Browser Window" library="SeleniumLibrary">
<doc>Maximizes current browser window.</doc>
<status status="PASS" starttime="20201027 17:27:17.366" endtime="20201027 17:27:20.479"></status>
</kw>
<kw name="Set Selenium Speed" library="SeleniumLibrary">
<doc>Sets the delay that is waited after each Selenium command.</doc>
<arguments>
<arg>${DELAY}</arg>
</arguments>
<status status="PASS" starttime="20201027 17:27:20.479" endtime="20201027 17:27:20.480"></status>
</kw>
<status status="PASS" starttime="20201027 17:27:10.112" endtime="20201027 17:27:20.480"></status>
</kw>
<kw name="Submit Credentials" library="Common">
<kw name="Click Button" library="SeleniumLibrary">
<doc>Clicks the button identified by ``locator``.</doc>
<arguments>
<arg>Login</arg>
</arguments>
<msg timestamp="20201027 17:27:20.481" level="INFO">Clicking button 'Login'.</msg>
<status status="PASS" starttime="20201027 17:27:20.481" endtime="20201027 17:27:34.219"></status>
</kw>
<status status="PASS" starttime="20201027 17:27:20.480" endtime="20201027 17:27:34.219"></status>
</kw>
<kw name="Go To Profile" library="Common">
<kw name="Click Element" library="SeleniumLibrary">
<doc>Click the element identified by ``locator``.</doc>
<arguments>
<arg>xpath=//a[contains(text(),'demo demo ')]</arg>
</arguments>
<msg timestamp="20201027 17:27:34.220" level="INFO">Clicking element 'xpath=//a[contains(text(),'demo demo ')]'.</msg>
<status status="PASS" starttime="20201027 17:27:34.220" endtime="20201027 17:27:40.270"></status>
</kw>
<kw name="Click Element" library="SeleniumLibrary">
<doc>Click the element identified by ``locator``.</doc>
<arguments>
<arg>xpath=//a[contains(text(),' Your Profile')]</arg>
</arguments>
<msg timestamp="20201027 17:27:40.270" level="INFO">Clicking element 'xpath=//a[contains(text(),' Your Profile')]'.</msg>
<status status="PASS" starttime="20201027 17:27:40.270" endtime="20201027 17:27:47.158"></status>
</kw>
<status status="PASS" starttime="20201027 17:27:34.220" endtime="20201027 17:27:47.158"></status>
</kw>
<kw name="Search Fields" library="Common">
<kw name="Wait Until Page Contains Element" library="SeleniumLibrary">
<doc>Waits until the element ``locator`` appears on the current page.</doc>
<arguments>
<arg>xpath=//label[contains(text(),'Username')]</arg>
</arguments>
<status status="PASS" starttime="20201027 17:27:47.159" endtime="20201027 17:27:50.173"></status>
</kw>
<kw name="Wait Until Page Contains Element" library="SeleniumLibrary">
<doc>Waits until the element ``locator`` appears on the current page.</doc>
<arguments>
<arg>xpath=//label[contains(text(),'First Name')]</arg>
</arguments>
<status status="PASS" starttime="20201027 17:27:50.173" endtime="20201027 17:27:53.186"></status>
</kw>
<kw name="Wait Until Page Contains Element" library="SeleniumLibrary">
<doc>Waits until the element ``locator`` appears on the current page.</doc>
<arguments>
<arg>xpath=//label[contains(text(),'Last Name')]</arg>
</arguments>
<status status="PASS" starttime="20201027 17:27:53.186" endtime="20201027 17:27:56.198"></status>
</kw>
<kw name="Wait Until Page Contains Element" library="SeleniumLibrary">
<doc>Waits until the element ``locator`` appears on the current page.</doc>
<arguments>
<arg>xpath=//label[contains(text(),'E-Mail')]</arg>
</arguments>
<status status="PASS" starttime="20201027 17:27:56.198" endtime="20201027 17:27:59.210"></status>
</kw>
<kw name="Wait Until Page Contains Element" library="SeleniumLibrary">
<doc>Waits until the element ``locator`` appears on the current page.</doc>
<arguments>
<arg>xpath=//label[contains(text(),'Image')]</arg>
</arguments>
<status status="PASS" starttime="20201027 17:27:59.210" endtime="20201027 17:28:02.223"></status>
</kw>
<kw name="Wait Until Page Contains Element" library="SeleniumLibrary">
<doc>Waits until the element ``locator`` appears on the current page.</doc>
<arguments>
<arg>xpath=//label[contains(text(),'Password')]</arg>
</arguments>
<status status="PASS" starttime="20201027 17:28:02.223" endtime="20201027 17:28:05.234"></status>
</kw>
<kw name="Wait Until Page Contains Element" library="SeleniumLibrary">
<doc>Waits until the element ``locator`` appears on the current page.</doc>
<arguments>
<arg>xpath=//label[contains(text(),'Confirm')]</arg>
</arguments>
<status status="PASS" starttime="20201027 17:28:05.234" endtime="20201027 17:28:08.246"></status>
</kw>
<status status="PASS" starttime="20201027 17:27:47.159" endtime="20201027 17:28:08.246"></status>
</kw>
<kw name="Close Browser" library="SeleniumLibrary" type="teardown">
<doc>Closes the current browser.</doc>
<status status="PASS" starttime="20201027 17:28:08.247" endtime="20201027 17:28:13.301"></status>
</kw>
<status status="PASS" starttime="20201027 17:27:10.111" endtime="20201027 17:28:13.302" critical="yes"></status>
</test>
<test id="s1-t5" name="Search Order ID">
<kw name="Open Browser To Login Page" library="Common">
<kw name="Open Browser" library="SeleniumLibrary">
<doc>Opens a new browser instance to the optional ``url``.</doc>
<arguments>
<arg>${LOGIN URL}</arg>
<arg>${BROWSER}</arg>
</arguments>
<msg timestamp="20201027 17:28:13.305" level="INFO">Opening browser 'Chrome' to base url 'http://demo.opencart.com/admin//'.</msg>
<status status="PASS" starttime="20201027 17:28:13.305" endtime="20201027 17:28:20.107"></status>
</kw>
<kw name="Maximize Browser Window" library="SeleniumLibrary">
<doc>Maximizes current browser window.</doc>
<status status="PASS" starttime="20201027 17:28:20.107" endtime="20201027 17:28:23.221"></status>
</kw>
<kw name="Set Selenium Speed" library="SeleniumLibrary">
<doc>Sets the delay that is waited after each Selenium command.</doc>
<arguments>
<arg>${DELAY}</arg>
</arguments>
<status status="PASS" starttime="20201027 17:28:23.221" endtime="20201027 17:28:23.221"></status>
</kw>
<status status="PASS" starttime="20201027 17:28:13.304" endtime="20201027 17:28:23.221"></status>
</kw>
<kw name="Submit Credentials" library="Common">
<kw name="Click Button" library="SeleniumLibrary">
<doc>Clicks the button identified by ``locator``.</doc>
<arguments>
<arg>Login</arg>
</arguments>
<msg timestamp="20201027 17:28:23.222" level="INFO">Clicking button 'Login'.</msg>
<status status="PASS" starttime="20201027 17:28:23.222" endtime="20201027 17:28:37.227"></status>
</kw>
<status status="PASS" starttime="20201027 17:28:23.222" endtime="20201027 17:28:37.227"></status>
</kw>
<kw name="Go To Sales Orders" library="Common">
<kw name="Click Element" library="SeleniumLibrary">
<doc>Click the element identified by ``locator``.</doc>
<arguments>
<arg>xpath=//a[contains(text(),' Sales')]</arg>
</arguments>
<msg timestamp="20201027 17:28:37.228" level="INFO">Clicking element 'xpath=//a[contains(text(),' Sales')]'.</msg>
<status status="PASS" starttime="20201027 17:28:37.228" endtime="20201027 17:28:43.282"></status>
</kw>
<kw name="Click Element" library="SeleniumLibrary">
<doc>Click the element identified by ``locator``.</doc>
<arguments>
<arg>xpath=//a[contains(text(),'Orders')]</arg>
</arguments>
<msg timestamp="20201027 17:28:43.282" level="INFO">Clicking element 'xpath=//a[contains(text(),'Orders')]'.</msg>
<status status="PASS" starttime="20201027 17:28:43.282" endtime="20201027 17:28:50.380"></status>
</kw>
<status status="PASS" starttime="20201027 17:28:37.228" endtime="20201027 17:28:50.380"></status>
</kw>
<kw name="Search Order ID" library="Common">
<kw name="Input Text" library="SeleniumLibrary">
<doc>Types the given ``text`` into the text field identified by ``locator``.</doc>
<arguments>
<arg>xpath=//input[@id='input-order-id']</arg>
<arg>${OrderID}</arg>
</arguments>
<msg timestamp="20201027 17:28:50.381" level="INFO">Typing text '10250' into text field 'xpath=//input[@id='input-order-id']'.</msg>
<status status="PASS" starttime="20201027 17:28:50.381" endtime="20201027 17:28:59.467"></status>
</kw>
<kw name="Click Element" library="SeleniumLibrary">
<doc>Click the element identified by ``locator``.</doc>
<arguments>
<arg>xpath=//button[contains(text(),' Filter')]</arg>
</arguments>
<msg timestamp="20201027 17:28:59.467" level="INFO">Clicking element 'xpath=//button[contains(text(),' Filter')]'.</msg>
<status status="PASS" starttime="20201027 17:28:59.467" endtime="20201027 17:29:06.383"></status>
</kw>
<kw name="Wait Until Page Contains Element" library="SeleniumLibrary">
<doc>Waits until the element ``locator`` appears on the current page.</doc>
<arguments>
<arg>xpath=//td[contains(text(),'${OrderID}')]</arg>
</arguments>
<status status="PASS" starttime="20201027 17:29:06.383" endtime="20201027 17:29:09.397"></status>
</kw>
<status status="PASS" starttime="20201027 17:28:50.380" endtime="20201027 17:29:09.397"></status>
</kw>
<kw name="Close Browser" library="SeleniumLibrary" type="teardown">
<doc>Closes the current browser.</doc>
<status status="PASS" starttime="20201027 17:29:09.398" endtime="20201027 17:29:14.456"></status>
</kw>
<status status="PASS" starttime="20201027 17:28:13.304" endtime="20201027 17:29:14.456" critical="yes"></status>
</test>
<doc>dz</doc>
<status status="PASS" starttime="20201027 17:25:10.274" endtime="20201027 17:29:14.459"></status>
</suite>
<statistics>
<total>
<stat pass="5" fail="0">Critical Tests</stat>
<stat pass="5" fail="0">All Tests</stat>
</total>
<tag>
</tag>
<suite>
<stat pass="5" fail="0" id="s1" name="Admin">Admin</stat>
</suite>
</statistics>
<errors>
</errors>
</robot>
